[2026-01-18 17:13:36] [INFO] ==========================================
[2026-01-18 17:13:36] [INFO] Starting Ralph Auto Loop
[2026-01-18 17:13:36] [INFO] ==========================================
[2026-01-18 17:13:36] [INFO] Focus: Address all tasks in the spec related to Ai errors
[2026-01-18 17:13:36] [INFO] Checking prerequisites...
[2026-01-18 17:13:36] [INFO] Checking git submodules...
[2026-01-18 17:13:36] [INFO] Submodules already initialized
[2026-01-18 17:13:36] [INFO] Found 2 spec file(s) in .specs/
[2026-01-18 17:13:36] [INFO] Found 7 pattern file(s) in .patterns/
[2026-01-18 17:13:36] [SUCCESS] Prerequisites check passed
[2026-01-18 17:13:36] [INFO] Running initial CI checks...
[2026-01-18 17:13:36] [INFO] Running CI checks...
[2026-01-18 17:13:39] [SUCCESS] CI checks passed
[2026-01-18 17:13:39] [SUCCESS] Initial CI checks passed - starting with clean slate
[2026-01-18 17:13:39] [INFO] ------------------------------------------
[2026-01-18 17:13:39] [INFO] ITERATION 1
[2026-01-18 17:13:39] [INFO] Focus: Address all tasks in the spec related to Ai errors
[2026-01-18 17:13:39] [INFO] ------------------------------------------
[2026-01-18 17:13:39] [INFO] Starting iteration 1
[2026-01-18 17:13:39] [INFO] Prompt: 205 lines, CI errors: no
[2026-01-18 17:13:39] [INFO] Prompt file: .ralph-auto/iteration_1_prompt.md
[2026-01-18 17:13:39] [INFO] Running OpenCode agent...
[2026-01-18 17:14:59] [SUCCESS] Agent completed iteration 1
[2026-01-18 17:14:59] [INFO] Agent signaled task completion
[2026-01-18 17:14:59] [INFO] Running CI checks...
[2026-01-18 17:15:01] [SUCCESS] CI checks passed
[2026-01-18 17:15:01] [INFO] Committing changes...
